<?xml version="1.0" encoding="UTF-8"?>
<testng-results skipped="0" failed="0" ignored="0" total="1" passed="1">
  <reporter-output>
  </reporter-output>
  <suite name="Default suite" duration-ms="13497" started-at="2019-02-11T08:17:11Z" finished-at="2019-02-11T08:17:24Z">
    <groups>
    </groups>
    <test name="Default test" duration-ms="13497" started-at="2019-02-11T08:17:11Z" finished-at="2019-02-11T08:17:24Z">
      <class name="test.GlobalisePrac">
        <test-method status="PASS" signature="login()[pri:0, instance:test.GlobalisePrac@7dc7cbad]" name="login" duration-ms="13468" started-at="2019-02-11T08:17:11Z" finished-at="2019-02-11T08:17:24Z">
          <reporter-output>
          </reporter-output>
        </test-method> <!-- login -->
      </class> <!-- test.GlobalisePrac -->
    </test> <!-- Default test -->
  </suite> <!-- Default suite -->
</testng-results>
