<?xml version="1.0" encoding="UTF-8"?>
<!-- Generated by org.testng.reporters.JUnitXMLReporter -->
<testsuite hostname="D-113071534" ignored="0" name="Test" tests="11" failures="0" timestamp="05 Feb 2019 06:58:30 GMT" time="0.084" errors="0">
  <testcase name="Demo" time="0.022" classname="test.day1"/>
  <testcase name="Secondcalss" time="0.016" classname="test.day1"/>
  <testcase name="demo" time="0.0" classname="test.day2"/>
  <testcase name="APIlogincarloan" time="0.0" classname="test.day3"/>
  <testcase name="Mobilelogincarloan" time="0.0" classname="test.day3"/>
  <testcase name="Mobilelogincarloan2" time="0.0" classname="test.day3"/>
  <testcase name="Mobilelogincarloan3" time="0.015" classname="test.day3"/>
  <testcase name="Weblogincarloan" time="0.0" classname="test.day3"/>
  <testcase name="APIloginhomeloan" time="0.0" classname="test.day4"/>
  <testcase name="Mobileloginhomeloan" time="0.0" classname="test.day4"/>
  <testcase name="WebloginHomeloan" time="0.0" classname="test.day4"/>
</testsuite> <!-- Test -->
