<?xml version="1.0" encoding="UTF-8"?>
<!-- Generated by org.testng.reporters.JUnitXMLReporter -->
<testsuite hostname="D-113071534" ignored="3" name="Test2" tests="5" failures="0" timestamp="05 Feb 2019 06:53:27 GMT" time="0.019" errors="0">
  <testcase name="APIlogincarloan" time="0.003" classname="test.day3"/>
  <testcase name="Weblogincarloan" time="0.001" classname="test.day3"/>
  <testcase name="APIloginhomeloan" time="0.001" classname="test.day4"/>
  <testcase name="Mobileloginhomeloan" time="0.002" classname="test.day4"/>
  <testcase name="WebloginHomeloan" time="0.001" classname="test.day4"/>
  <testcase name="Mobilelogincarloan" time="0.0" classname="test.day3">
    <ignored/>
  </testcase> <!-- Mobilelogincarloan -->
  <testcase name="Mobilelogincarloan3" time="0.0" classname="test.day3">
    <ignored/>
  </testcase> <!-- Mobilelogincarloan3 -->
  <testcase name="Mobilelogincarloan2" time="0.0" classname="test.day3">
    <ignored/>
  </testcase> <!-- Mobilelogincarloan2 -->
</testsuite> <!-- Test2 -->
